Using pre-set license
Built from '6000.0/release' branch; Version is '6000.0.35f1 (9a3bc604008a) revision 10107846'; Using compiler version '193933523'; Build Type 'Release'
OS: 'Windows 11  (10.0.22631) 64bit Professional' Language: 'it' Physical Memory: 16310 MB
BatchMode: 1, IsHumanControllingUs: 0, StartBugReporterOnCrash: 0, Is64bit: 1, IsPro: 1

COMMAND LINE ARGUMENTS:
C:\Program Files\Unity\Hub\Editor\6000.0.35f1\Editor\Unity.exe
-adb2
-batchMode
-noUpm
-name
AssetImportWorker5
-projectPath
D:/Projects/Global-Game-Jam-2025-Bologna-Gilda/BUBBLR
-logFile
Logs/AssetImportWorker5.log
-srvPort
64353
-job-worker-count
5
-background-job-worker-count
8
-gc-helper-count
1
Successfully changed project path to: D:/Projects/Global-Game-Jam-2025-Bologna-Gilda/BUBBLR
D:/Projects/Global-Game-Jam-2025-Bologna-Gilda/BUBBLR
[UnityMemory] Configuration Parameters - Can be set up in boot.config
    "memorysetup-bucket-allocator-granularity=16"
    "memorysetup-bucket-allocator-bucket-count=8"
    "memorysetup-bucket-allocator-block-size=33554432"
    "memorysetup-bucket-allocator-block-count=8"
    "memorysetup-main-allocator-block-size=16777216"
    "memorysetup-thread-allocator-block-size=16777216"
    "memorysetup-gfx-main-allocator-block-size=16777216"
    "memorysetup-gfx-thread-allocator-block-size=16777216"
    "memorysetup-cache-allocator-block-size=4194304"
    "memorysetup-typetree-allocator-block-size=2097152"
    "memorysetup-profiler-bucket-allocator-granularity=16"
    "memorysetup-profiler-bucket-allocator-bucket-count=8"
    "memorysetup-profiler-bucket-allocator-block-size=33554432"
    "memorysetup-profiler-bucket-allocator-block-count=8"
    "memorysetup-profiler-allocator-block-size=16777216"
    "memorysetup-profiler-editor-allocator-block-size=1048576"
    "memorysetup-temp-allocator-size-main=16777216"
    "memorysetup-job-temp-allocator-block-size=2097152"
    "memorysetup-job-temp-allocator-block-size-background=1048576"
    "memorysetup-job-temp-allocator-reduction-small-platforms=262144"
    "memorysetup-allocator-temp-initial-block-size-main=262144"
    "memorysetup-allocator-temp-initial-block-size-worker=262144"
    "memorysetup-temp-allocator-size-background-worker=32768"
    "memorysetup-temp-allocator-size-job-worker=262144"
    "memorysetup-temp-allocator-size-preload-manager=33554432"
    "memorysetup-temp-allocator-size-nav-mesh-worker=65536"
    "memorysetup-temp-allocator-size-audio-worker=65536"
    "memorysetup-temp-allocator-size-cloud-worker=32768"
    "memorysetup-temp-allocator-size-gi-baking-worker=262144"
    "memorysetup-temp-allocator-size-gi-baking-worker=262144"
    "memorysetup-temp-allocator-size-gi-baking-worker=262144"
    "memorysetup-temp-allocator-size-gi-baking-worker=262144"
    "memorysetup-temp-allocator-size-gi-baking-worker=262144"
    "memorysetup-temp-allocator-size-gfx=262144"
Player connection [52288]  Target information:

Player connection [52288]  * "[IP] 192.168.1.57 [Port] 0 [Flags] 2 [Guid] 2412089970 [EditorId] 2412089970 [Version] 1048832 [Id] WindowsEditor(7,FRANCESCO) [Debug] 1 [PackageName] WindowsEditor [ProjectName] Editor" 

Player connection [52288] Host joined multi-casting on [225.0.0.222:54997]...
Player connection [52288] Host joined alternative multi-casting on [225.0.0.222:34997]...
JobSystem: Creating JobQueue using job-worker-count value 5
Input System module state changed to: Initialized.
[Physics::Module] Initialized fallback backend.
[Physics::Module] Id: 0xdecafbad
Library Redirect Path: Library/
[Physics::Module] Selected backend.
[Physics::Module] Name: PhysX
[Physics::Module] Id: 0xf2b8ea05
[Physics::Module] SDK Version: 4.1.2
[Physics::Module] Integration Version: 1.0.0
[Physics::Module] Threading Mode: Multi-Threaded
Refreshing native plugins compatible for Editor in 1742.30 ms, found 10 plugins.
Preloading 1 native plugins for Editor in 16.38 ms.
Initialize engine version: 6000.0.35f1 (9a3bc604008a)
[Subsystems] Discovering subsystems at path C:/Program Files/Unity/Hub/Editor/6000.0.35f1/Editor/Data/Resources/UnitySubsystems
[Subsystems] Discovering subsystems at path D:/Projects/Global-Game-Jam-2025-Bologna-Gilda/BUBBLR/Assets
GfxDevice: creating device client; kGfxThreadingModeNonThreaded
Direct3D:
    Version:  Direct3D 11.0 [level 11.1]
    Renderer: NVIDIA GeForce RTX 3060 Ti (ID=0x2489)
    Vendor:   NVIDIA
    VRAM:     8024 MB
    Driver:   32.0.15.6614
Initialize mono
Mono path[0] = 'C:/Program Files/Unity/Hub/Editor/6000.0.35f1/Editor/Data/Managed'
Mono path[1] = 'C:/Program Files/Unity/Hub/Editor/6000.0.35f1/Editor/Data/MonoBleedingEdge/lib/mono/unityjit-win32'
Mono config path = 'C:/Program Files/Unity/Hub/Editor/6000.0.35f1/Editor/Data/MonoBleedingEdge/etc'
Using monoOptions --debugger-agent=transport=dt_socket,embedding=1,server=y,suspend=n,address=127.0.0.1:56472
Begin MonoManager ReloadAssembly
Registering precompiled unity dll's ...
Register platform support module: C:/Program Files/Unity/Hub/Editor/6000.0.35f1/Editor/Data/PlaybackEngines/WindowsStandaloneSupport/UnityEditor.WindowsStandalone.Extensions.dll
Register platform support module: C:/Program Files/Unity/Hub/Editor/6000.0.35f1/Editor/Data/PlaybackEngines/AndroidPlayer/UnityEditor.Android.Extensions.dll
Registered in 0.003292 seconds.
- Loaded All Assemblies, in  0.312 seconds
Native extension for Android target not found
Android Extension - Scanning For ADB Devices 2196 ms
Native extension for WindowsStandalone target not found
Mono: successfully reloaded assembly
- Finished resetting the current domain, in  2.510 seconds
Domain Reload Profiling: 2820ms
	BeginReloadAssembly (106ms)
		ExecutionOrderSort (0ms)
		DisableScriptedObjects (0ms)
		BackupInstance (0ms)
		ReleaseScriptingObjects (0ms)
		CreateAndSetChildDomain (1ms)
	RebuildCommonClasses (32ms)
	RebuildNativeTypeToScriptingClass (9ms)
	initialDomainReloadingComplete (39ms)
	LoadAllAssembliesAndSetupDomain (123ms)
		LoadAssemblies (104ms)
		RebuildTransferFunctionScriptingTraits (0ms)
		AnalyzeDomain (120ms)
			TypeCache.Refresh (119ms)
				TypeCache.ScanAssembly (109ms)
			BuildScriptInfoCaches (0ms)
			ResolveRequiredComponents (0ms)
	FinalizeReload (2511ms)
		ReleaseScriptCaches (0ms)
		RebuildScriptCaches (0ms)
		SetupLoadedEditorAssemblies (2471ms)
			LogAssemblyErrors (0ms)
			InitializePlatformSupportModulesInManaged (2279ms)
			SetLoadedEditorAssemblies (3ms)
			BeforeProcessingInitializeOnLoad (38ms)
			ProcessInitializeOnLoadAttributes (88ms)
			ProcessInitializeOnLoadMethodAttributes (63ms)
			AfterProcessingInitializeOnLoad (0ms)
			EditorAssembliesLoaded (0ms)
		ExecutionOrderSort2 (0ms)
		AwakeInstancesAfterBackupRestoration (0ms)
========================================================================
Worker process is ready to serve import requests
Import Worker Mode flag is 0x00
Begin MonoManager ReloadAssembly
- Loaded All Assemblies, in  0.713 seconds
Refreshing native plugins compatible for Editor in 6.17 ms, found 10 plugins.
Native extension for Android target not found
Native extension for WindowsStandalone target not found
Mono: successfully reloaded assembly
- Finished resetting the current domain, in  2.848 seconds
Domain Reload Profiling: 3558ms
	BeginReloadAssembly (143ms)
		ExecutionOrderSort (0ms)
		DisableScriptedObjects (5ms)
		BackupInstance (0ms)
		ReleaseScriptingObjects (0ms)
		CreateAndSetChildDomain (25ms)
	RebuildCommonClasses (36ms)
	RebuildNativeTypeToScriptingClass (12ms)
	initialDomainReloadingComplete (38ms)
	LoadAllAssembliesAndSetupDomain (480ms)
		LoadAssemblies (322ms)
		RebuildTransferFunctionScriptingTraits (0ms)
		AnalyzeDomain (245ms)
			TypeCache.Refresh (176ms)
				TypeCache.ScanAssembly (161ms)
			BuildScriptInfoCaches (57ms)
			ResolveRequiredComponents (10ms)
	FinalizeReload (2849ms)
		ReleaseScriptCaches (0ms)
		RebuildScriptCaches (0ms)
		SetupLoadedEditorAssemblies (1504ms)
			LogAssemblyErrors (0ms)
			InitializePlatformSupportModulesInManaged (9ms)
			SetLoadedEditorAssemblies (4ms)
			BeforeProcessingInitializeOnLoad (101ms)
			ProcessInitializeOnLoadAttributes (360ms)
			ProcessInitializeOnLoadMethodAttributes (1026ms)
			AfterProcessingInitializeOnLoad (4ms)
			EditorAssembliesLoaded (0ms)
		ExecutionOrderSort2 (0ms)
		AwakeInstancesAfterBackupRestoration (4ms)
Launched and connected shader compiler UnityShaderCompiler.exe after 0.01 seconds
Refreshing native plugins compatible for Editor in 6.03 ms, found 10 plugins.
Preloading 1 native plugins for Editor in 0.03 ms.
Unloading 239 Unused Serialized files (Serialized files now loaded: 0)
Unloading 7280 unused Assets / (5.6 MB). Loaded Objects now: 7992.
Memory consumption went from 185.7 MB to 180.1 MB.
Total: 8.615700 ms (FindLiveObjects: 0.631800 ms CreateObjectMapping: 0.706900 ms MarkObjects: 4.588300 ms  DeleteObjects: 2.688300 ms)

========================================================================
Received Prepare
Refreshing native plugins compatible for Editor in 8.05 ms, found 10 plugins.
Preloading 1 native plugins for Editor in 0.04 ms.
Unloading 17 Unused Serialized files (Serialized files now loaded: 0)
Unloading 7249 unused Assets / (5.6 MB). Loaded Objects now: 7993.
Memory consumption went from 145.7 MB to 140.1 MB.
Total: 14.300600 ms (FindLiveObjects: 1.155600 ms CreateObjectMapping: 1.382400 ms MarkObjects: 7.839000 ms  DeleteObjects: 3.922600 ms)

Prepare: number of updated asset objects reloaded= 0
========================================================================
Received Import Request.
  Time since last request: 489968.202315 seconds.
  path: Assets/Scripts/SceneManager.cs
  artifactKey: Guid(6b4ba8cdea9ee99498ad6962717589f1) Importer(815301076,1909f56bfc062723c751e8b465ee728b)
Start importing Assets/Scripts/SceneManager.cs using Guid(6b4ba8cdea9ee99498ad6962717589f1) Importer(815301076,1909f56bfc062723c751e8b465ee728b) (PreviewImporter) -> (artifact id: 'c50ef8c6dd4322508b78c2119cde5745') in 0.011781 seconds
Number of updated asset objects reloaded before import = 0Number of asset objects unloaded after import = 0

========================================================================
Received Prepare
Refreshing native plugins compatible for Editor in 6.86 ms, found 10 plugins.
Preloading 1 native plugins for Editor in 0.04 ms.
Unloading 17 Unused Serialized files (Serialized files now loaded: 0)
Unloading 7249 unused Assets / (5.4 MB). Loaded Objects now: 7995.
Memory consumption went from 146.3 MB to 140.9 MB.
Total: 13.671500 ms (FindLiveObjects: 1.091000 ms CreateObjectMapping: 1.236300 ms MarkObjects: 7.587100 ms  DeleteObjects: 3.756200 ms)

Prepare: number of updated asset objects reloaded= 0
========================================================================
Received Prepare
Refreshing native plugins compatible for Editor in 12.93 ms, found 10 plugins.
Preloading 1 native plugins for Editor in 0.05 ms.
Unloading 17 Unused Serialized files (Serialized files now loaded: 0)
Unloading 7248 unused Assets / (4.9 MB). Loaded Objects now: 7994.
Memory consumption went from 146.2 MB to 141.3 MB.
Total: 15.223900 ms (FindLiveObjects: 1.442400 ms CreateObjectMapping: 1.661900 ms MarkObjects: 7.954300 ms  DeleteObjects: 4.164400 ms)

Prepare: number of updated asset objects reloaded= 0
========================================================================
Received Prepare
Begin MonoManager ReloadAssembly
- Loaded All Assemblies, in  0.636 seconds
Refreshing native plugins compatible for Editor in 5.54 ms, found 10 plugins.
Native extension for Android target not found
Native extension for WindowsStandalone target not found
Mono: successfully reloaded assembly
- Finished resetting the current domain, in  0.662 seconds
Domain Reload Profiling: 1298ms
	BeginReloadAssembly (189ms)
		ExecutionOrderSort (0ms)
		DisableScriptedObjects (15ms)
		BackupInstance (0ms)
		ReleaseScriptingObjects (0ms)
		CreateAndSetChildDomain (50ms)
	RebuildCommonClasses (29ms)
	RebuildNativeTypeToScriptingClass (10ms)
	initialDomainReloadingComplete (23ms)
	LoadAllAssembliesAndSetupDomain (385ms)
		LoadAssemblies (294ms)
		RebuildTransferFunctionScriptingTraits (0ms)
		AnalyzeDomain (173ms)
			TypeCache.Refresh (5ms)
				TypeCache.ScanAssembly (0ms)
			BuildScriptInfoCaches (155ms)
			ResolveRequiredComponents (10ms)
	FinalizeReload (662ms)
		ReleaseScriptCaches (0ms)
		RebuildScriptCaches (0ms)
		SetupLoadedEditorAssemblies (484ms)
			LogAssemblyErrors (0ms)
			InitializePlatformSupportModulesInManaged (9ms)
			SetLoadedEditorAssemblies (4ms)
			BeforeProcessingInitializeOnLoad (96ms)
			ProcessInitializeOnLoadAttributes (318ms)
			ProcessInitializeOnLoadMethodAttributes (52ms)
			AfterProcessingInitializeOnLoad (4ms)
			EditorAssembliesLoaded (0ms)
		ExecutionOrderSort2 (0ms)
		AwakeInstancesAfterBackupRestoration (8ms)
Refreshing native plugins compatible for Editor in 4.44 ms, found 10 plugins.
Preloading 1 native plugins for Editor in 0.04 ms.
Unloading 17 Unused Serialized files (Serialized files now loaded: 0)
Unloading 7278 unused Assets / (5.2 MB). Loaded Objects now: 7997.
Memory consumption went from 151.6 MB to 146.4 MB.
Total: 11.914300 ms (FindLiveObjects: 1.060200 ms CreateObjectMapping: 0.563800 ms MarkObjects: 7.039900 ms  DeleteObjects: 3.249200 ms)

Prepare: number of updated asset objects reloaded= 0
========================================================================
Received Prepare
Refreshing native plugins compatible for Editor in 7.06 ms, found 10 plugins.
Preloading 1 native plugins for Editor in 0.04 ms.
Unloading 17 Unused Serialized files (Serialized files now loaded: 0)
Unloading 7249 unused Assets / (5.2 MB). Loaded Objects now: 7998.
Memory consumption went from 151.5 MB to 146.3 MB.
Total: 12.952500 ms (FindLiveObjects: 1.167600 ms CreateObjectMapping: 0.688900 ms MarkObjects: 7.445000 ms  DeleteObjects: 3.649700 ms)

Prepare: number of updated asset objects reloaded= 0
========================================================================
Received Prepare
Begin MonoManager ReloadAssembly
- Loaded All Assemblies, in  0.650 seconds
Refreshing native plugins compatible for Editor in 4.51 ms, found 10 plugins.
Native extension for Android target not found
Native extension for WindowsStandalone target not found
Mono: successfully reloaded assembly
- Finished resetting the current domain, in  0.680 seconds
Domain Reload Profiling: 1330ms
	BeginReloadAssembly (189ms)
		ExecutionOrderSort (0ms)
		DisableScriptedObjects (12ms)
		BackupInstance (0ms)
		ReleaseScriptingObjects (0ms)
		CreateAndSetChildDomain (49ms)
	RebuildCommonClasses (34ms)
	RebuildNativeTypeToScriptingClass (10ms)
	initialDomainReloadingComplete (23ms)
	LoadAllAssembliesAndSetupDomain (394ms)
		LoadAssemblies (293ms)
		RebuildTransferFunctionScriptingTraits (0ms)
		AnalyzeDomain (185ms)
			TypeCache.Refresh (10ms)
				TypeCache.ScanAssembly (0ms)
			BuildScriptInfoCaches (163ms)
			ResolveRequiredComponents (10ms)
	FinalizeReload (680ms)
		ReleaseScriptCaches (0ms)
		RebuildScriptCaches (0ms)
		SetupLoadedEditorAssemblies (506ms)
			LogAssemblyErrors (0ms)
			InitializePlatformSupportModulesInManaged (10ms)
			SetLoadedEditorAssemblies (3ms)
			BeforeProcessingInitializeOnLoad (108ms)
			ProcessInitializeOnLoadAttributes (325ms)
			ProcessInitializeOnLoadMethodAttributes (54ms)
			AfterProcessingInitializeOnLoad (4ms)
			EditorAssembliesLoaded (0ms)
		ExecutionOrderSort2 (0ms)
		AwakeInstancesAfterBackupRestoration (9ms)
Refreshing native plugins compatible for Editor in 4.38 ms, found 10 plugins.
Preloading 1 native plugins for Editor in 0.03 ms.
Unloading 17 Unused Serialized files (Serialized files now loaded: 0)
Unloading 7279 unused Assets / (5.1 MB). Loaded Objects now: 8000.
Memory consumption went from 151.6 MB to 146.5 MB.
Total: 11.785100 ms (FindLiveObjects: 1.053400 ms CreateObjectMapping: 1.034700 ms MarkObjects: 5.723000 ms  DeleteObjects: 3.973100 ms)

Prepare: number of updated asset objects reloaded= 0
========================================================================
Received Prepare
Begin MonoManager ReloadAssembly
- Loaded All Assemblies, in  0.631 seconds
Refreshing native plugins compatible for Editor in 4.05 ms, found 10 plugins.
Native extension for Android target not found
Native extension for WindowsStandalone target not found
Mono: successfully reloaded assembly
- Finished resetting the current domain, in  0.667 seconds
Domain Reload Profiling: 1298ms
	BeginReloadAssembly (177ms)
		ExecutionOrderSort (0ms)
		DisableScriptedObjects (12ms)
		BackupInstance (0ms)
		ReleaseScriptingObjects (0ms)
		CreateAndSetChildDomain (45ms)
	RebuildCommonClasses (33ms)
	RebuildNativeTypeToScriptingClass (10ms)
	initialDomainReloadingComplete (27ms)
	LoadAllAssembliesAndSetupDomain (384ms)
		LoadAssemblies (293ms)
		RebuildTransferFunctionScriptingTraits (0ms)
		AnalyzeDomain (174ms)
			TypeCache.Refresh (8ms)
				TypeCache.ScanAssembly (0ms)
			BuildScriptInfoCaches (154ms)
			ResolveRequiredComponents (10ms)
	FinalizeReload (667ms)
		ReleaseScriptCaches (0ms)
		RebuildScriptCaches (0ms)
		SetupLoadedEditorAssemblies (499ms)
			LogAssemblyErrors (0ms)
			InitializePlatformSupportModulesInManaged (10ms)
			SetLoadedEditorAssemblies (3ms)
			BeforeProcessingInitializeOnLoad (99ms)
			ProcessInitializeOnLoadAttributes (323ms)
			ProcessInitializeOnLoadMethodAttributes (60ms)
			AfterProcessingInitializeOnLoad (4ms)
			EditorAssembliesLoaded (0ms)
		ExecutionOrderSort2 (0ms)
		AwakeInstancesAfterBackupRestoration (10ms)
Refreshing native plugins compatible for Editor in 6.61 ms, found 10 plugins.
Preloading 1 native plugins for Editor in 0.04 ms.
Unloading 17 Unused Serialized files (Serialized files now loaded: 0)
Unloading 7279 unused Assets / (5.6 MB). Loaded Objects now: 8002.
Memory consumption went from 151.5 MB to 145.9 MB.
Total: 14.651800 ms (FindLiveObjects: 1.234900 ms CreateObjectMapping: 1.548500 ms MarkObjects: 7.509200 ms  DeleteObjects: 4.358000 ms)

Prepare: number of updated asset objects reloaded= 0
========================================================================
Received Prepare
Begin MonoManager ReloadAssembly
- Loaded All Assemblies, in  0.632 seconds
Refreshing native plugins compatible for Editor in 6.14 ms, found 10 plugins.
Native extension for Android target not found
Native extension for WindowsStandalone target not found
Mono: successfully reloaded assembly
- Finished resetting the current domain, in  0.693 seconds
Domain Reload Profiling: 1326ms
	BeginReloadAssembly (177ms)
		ExecutionOrderSort (0ms)
		DisableScriptedObjects (12ms)
		BackupInstance (0ms)
		ReleaseScriptingObjects (0ms)
		CreateAndSetChildDomain (43ms)
	RebuildCommonClasses (28ms)
	RebuildNativeTypeToScriptingClass (10ms)
	initialDomainReloadingComplete (23ms)
	LoadAllAssembliesAndSetupDomain (394ms)
		LoadAssemblies (296ms)
		RebuildTransferFunctionScriptingTraits (0ms)
		AnalyzeDomain (180ms)
			TypeCache.Refresh (8ms)
				TypeCache.ScanAssembly (0ms)
			BuildScriptInfoCaches (156ms)
			ResolveRequiredComponents (12ms)
	FinalizeReload (694ms)
		ReleaseScriptCaches (0ms)
		RebuildScriptCaches (0ms)
		SetupLoadedEditorAssemblies (515ms)
			LogAssemblyErrors (0ms)
			InitializePlatformSupportModulesInManaged (10ms)
			SetLoadedEditorAssemblies (3ms)
			BeforeProcessingInitializeOnLoad (104ms)
			ProcessInitializeOnLoadAttributes (332ms)
			ProcessInitializeOnLoadMethodAttributes (57ms)
			AfterProcessingInitializeOnLoad (8ms)
			EditorAssembliesLoaded (0ms)
		ExecutionOrderSort2 (0ms)
		AwakeInstancesAfterBackupRestoration (9ms)
Refreshing native plugins compatible for Editor in 6.80 ms, found 10 plugins.
Preloading 1 native plugins for Editor in 0.04 ms.
Unloading 17 Unused Serialized files (Serialized files now loaded: 0)
Unloading 7279 unused Assets / (4.7 MB). Loaded Objects now: 8004.
Memory consumption went from 151.5 MB to 146.8 MB.
Total: 20.802500 ms (FindLiveObjects: 1.224800 ms CreateObjectMapping: 1.542900 ms MarkObjects: 13.319200 ms  DeleteObjects: 4.713300 ms)

Prepare: number of updated asset objects reloaded= 0
========================================================================
Received Prepare
Refreshing native plugins compatible for Editor in 4.67 ms, found 10 plugins.
Preloading 1 native plugins for Editor in 0.05 ms.
Unloading 17 Unused Serialized files (Serialized files now loaded: 0)
Unloading 7249 unused Assets / (5.3 MB). Loaded Objects now: 8004.
Memory consumption went from 151.6 MB to 146.3 MB.
Total: 23.209500 ms (FindLiveObjects: 0.976500 ms CreateObjectMapping: 0.707900 ms MarkObjects: 18.862700 ms  DeleteObjects: 2.661400 ms)

Prepare: number of updated asset objects reloaded= 0
========================================================================
Received Prepare
Refreshing native plugins compatible for Editor in 6.88 ms, found 10 plugins.
Preloading 1 native plugins for Editor in 0.04 ms.
Unloading 17 Unused Serialized files (Serialized files now loaded: 0)
Unloading 7249 unused Assets / (5.5 MB). Loaded Objects now: 8004.
Memory consumption went from 151.5 MB to 146.1 MB.
Total: 14.103200 ms (FindLiveObjects: 1.166000 ms CreateObjectMapping: 1.449900 ms MarkObjects: 7.577800 ms  DeleteObjects: 3.908800 ms)

Prepare: number of updated asset objects reloaded= 0
========================================================================
Received Prepare
Begin MonoManager ReloadAssembly
- Loaded All Assemblies, in  0.865 seconds
Refreshing native plugins compatible for Editor in 4.29 ms, found 10 plugins.
Native extension for Android target not found
Native extension for WindowsStandalone target not found
Mono: successfully reloaded assembly
- Finished resetting the current domain, in  0.689 seconds
Domain Reload Profiling: 1555ms
	BeginReloadAssembly (254ms)
		ExecutionOrderSort (0ms)
		DisableScriptedObjects (20ms)
		BackupInstance (0ms)
		ReleaseScriptingObjects (0ms)
		CreateAndSetChildDomain (65ms)
	RebuildCommonClasses (28ms)
	RebuildNativeTypeToScriptingClass (16ms)
	initialDomainReloadingComplete (27ms)
	LoadAllAssembliesAndSetupDomain (540ms)
		LoadAssemblies (445ms)
		RebuildTransferFunctionScriptingTraits (0ms)
		AnalyzeDomain (207ms)
			TypeCache.Refresh (11ms)
				TypeCache.ScanAssembly (0ms)
			BuildScriptInfoCaches (181ms)
			ResolveRequiredComponents (10ms)
	FinalizeReload (690ms)
		ReleaseScriptCaches (0ms)
		RebuildScriptCaches (0ms)
		SetupLoadedEditorAssemblies (508ms)
			LogAssemblyErrors (0ms)
			InitializePlatformSupportModulesInManaged (12ms)
			SetLoadedEditorAssemblies (4ms)
			BeforeProcessingInitializeOnLoad (100ms)
			ProcessInitializeOnLoadAttributes (328ms)
			ProcessInitializeOnLoadMethodAttributes (59ms)
			AfterProcessingInitializeOnLoad (4ms)
			EditorAssembliesLoaded (0ms)
		ExecutionOrderSort2 (0ms)
		AwakeInstancesAfterBackupRestoration (12ms)
Refreshing native plugins compatible for Editor in 4.13 ms, found 10 plugins.
Preloading 1 native plugins for Editor in 0.03 ms.
Unloading 17 Unused Serialized files (Serialized files now loaded: 0)
Unloading 7279 unused Assets / (5.5 MB). Loaded Objects now: 8006.
Memory consumption went from 151.5 MB to 146.0 MB.
Total: 8.450300 ms (FindLiveObjects: 0.623000 ms CreateObjectMapping: 0.714000 ms MarkObjects: 4.451500 ms  DeleteObjects: 2.661100 ms)

Prepare: number of updated asset objects reloaded= 0
========================================================================
Received Prepare
Begin MonoManager ReloadAssembly
- Loaded All Assemblies, in  0.640 seconds
Refreshing native plugins compatible for Editor in 4.50 ms, found 10 plugins.
Native extension for Android target not found
Native extension for WindowsStandalone target not found
Mono: successfully reloaded assembly
- Finished resetting the current domain, in  0.665 seconds
Domain Reload Profiling: 1306ms
	BeginReloadAssembly (181ms)
		ExecutionOrderSort (0ms)
		DisableScriptedObjects (12ms)
		BackupInstance (0ms)
		ReleaseScriptingObjects (0ms)
		CreateAndSetChildDomain (41ms)
	RebuildCommonClasses (32ms)
	RebuildNativeTypeToScriptingClass (11ms)
	initialDomainReloadingComplete (25ms)
	LoadAllAssembliesAndSetupDomain (391ms)
		LoadAssemblies (301ms)
		RebuildTransferFunctionScriptingTraits (0ms)
		AnalyzeDomain (178ms)
			TypeCache.Refresh (5ms)
				TypeCache.ScanAssembly (0ms)
			BuildScriptInfoCaches (160ms)
			ResolveRequiredComponents (10ms)
	FinalizeReload (666ms)
		ReleaseScriptCaches (0ms)
		RebuildScriptCaches (0ms)
		SetupLoadedEditorAssemblies (480ms)
			LogAssemblyErrors (0ms)
			InitializePlatformSupportModulesInManaged (10ms)
			SetLoadedEditorAssemblies (3ms)
			BeforeProcessingInitializeOnLoad (96ms)
			ProcessInitializeOnLoadAttributes (314ms)
			ProcessInitializeOnLoadMethodAttributes (48ms)
			AfterProcessingInitializeOnLoad (7ms)
			EditorAssembliesLoaded (0ms)
		ExecutionOrderSort2 (0ms)
		AwakeInstancesAfterBackupRestoration (8ms)
Refreshing native plugins compatible for Editor in 6.89 ms, found 10 plugins.
Preloading 1 native plugins for Editor in 0.04 ms.
Unloading 17 Unused Serialized files (Serialized files now loaded: 0)
Unloading 7279 unused Assets / (5.5 MB). Loaded Objects now: 8008.
Memory consumption went from 151.5 MB to 146.0 MB.
Total: 13.942600 ms (FindLiveObjects: 1.103600 ms CreateObjectMapping: 1.337400 ms MarkObjects: 7.563100 ms  DeleteObjects: 3.937200 ms)

Prepare: number of updated asset objects reloaded= 0
========================================================================
Received Prepare
Refreshing native plugins compatible for Editor in 7.75 ms, found 10 plugins.
Preloading 1 native plugins for Editor in 0.04 ms.
Unloading 17 Unused Serialized files (Serialized files now loaded: 0)
Unloading 7249 unused Assets / (3.3 MB). Loaded Objects now: 8008.
Memory consumption went from 151.5 MB to 148.2 MB.
Total: 18.752000 ms (FindLiveObjects: 1.099900 ms CreateObjectMapping: 1.168300 ms MarkObjects: 12.569600 ms  DeleteObjects: 3.913400 ms)

Prepare: number of updated asset objects reloaded= 0
========================================================================
Received Prepare
Refreshing native plugins compatible for Editor in 7.30 ms, found 10 plugins.
Preloading 1 native plugins for Editor in 0.04 ms.
Unloading 17 Unused Serialized files (Serialized files now loaded: 0)
Unloading 7249 unused Assets / (5.2 MB). Loaded Objects now: 8008.
Memory consumption went from 151.5 MB to 146.3 MB.
Total: 13.640400 ms (FindLiveObjects: 1.119800 ms CreateObjectMapping: 1.278400 ms MarkObjects: 7.373200 ms  DeleteObjects: 3.868000 ms)

Prepare: number of updated asset objects reloaded= 0
========================================================================
Received Prepare
Begin MonoManager ReloadAssembly
- Loaded All Assemblies, in  0.670 seconds
Refreshing native plugins compatible for Editor in 4.52 ms, found 10 plugins.
Native extension for Android target not found
Native extension for WindowsStandalone target not found
Mono: successfully reloaded assembly
- Finished resetting the current domain, in  0.686 seconds
Domain Reload Profiling: 1356ms
	BeginReloadAssembly (180ms)
		ExecutionOrderSort (0ms)
		DisableScriptedObjects (13ms)
		BackupInstance (0ms)
		ReleaseScriptingObjects (0ms)
		CreateAndSetChildDomain (44ms)
	RebuildCommonClasses (29ms)
	RebuildNativeTypeToScriptingClass (10ms)
	initialDomainReloadingComplete (23ms)
	LoadAllAssembliesAndSetupDomain (429ms)
		LoadAssemblies (319ms)
		RebuildTransferFunctionScriptingTraits (0ms)
		AnalyzeDomain (192ms)
			TypeCache.Refresh (7ms)
				TypeCache.ScanAssembly (0ms)
			BuildScriptInfoCaches (172ms)
			ResolveRequiredComponents (10ms)
	FinalizeReload (686ms)
		ReleaseScriptCaches (0ms)
		RebuildScriptCaches (0ms)
		SetupLoadedEditorAssemblies (492ms)
			LogAssemblyErrors (0ms)
			InitializePlatformSupportModulesInManaged (10ms)
			SetLoadedEditorAssemblies (4ms)
			BeforeProcessingInitializeOnLoad (98ms)
			ProcessInitializeOnLoadAttributes (316ms)
			ProcessInitializeOnLoadMethodAttributes (59ms)
			AfterProcessingInitializeOnLoad (5ms)
			EditorAssembliesLoaded (0ms)
		ExecutionOrderSort2 (0ms)
		AwakeInstancesAfterBackupRestoration (14ms)
Refreshing native plugins compatible for Editor in 7.22 ms, found 10 plugins.
Preloading 1 native plugins for Editor in 0.04 ms.
Unloading 17 Unused Serialized files (Serialized files now loaded: 0)
Unloading 7279 unused Assets / (4.8 MB). Loaded Objects now: 8010.
Memory consumption went from 151.5 MB to 146.7 MB.
Total: 14.283700 ms (FindLiveObjects: 1.103900 ms CreateObjectMapping: 1.435100 ms MarkObjects: 7.792500 ms  DeleteObjects: 3.951300 ms)

Prepare: number of updated asset objects reloaded= 0
========================================================================
Received Prepare
Begin MonoManager ReloadAssembly
- Loaded All Assemblies, in  0.635 seconds
Refreshing native plugins compatible for Editor in 5.36 ms, found 10 plugins.
Native extension for Android target not found
Native extension for WindowsStandalone target not found
Mono: successfully reloaded assembly
- Finished resetting the current domain, in  0.648 seconds
Domain Reload Profiling: 1283ms
	BeginReloadAssembly (182ms)
		ExecutionOrderSort (0ms)
		DisableScriptedObjects (12ms)
		BackupInstance (0ms)
		ReleaseScriptingObjects (0ms)
		CreateAndSetChildDomain (45ms)
	RebuildCommonClasses (27ms)
	RebuildNativeTypeToScriptingClass (10ms)
	initialDomainReloadingComplete (26ms)
	LoadAllAssembliesAndSetupDomain (390ms)
		LoadAssemblies (294ms)
		RebuildTransferFunctionScriptingTraits (0ms)
		AnalyzeDomain (180ms)
			TypeCache.Refresh (5ms)
				TypeCache.ScanAssembly (0ms)
			BuildScriptInfoCaches (162ms)
			ResolveRequiredComponents (10ms)
	FinalizeReload (649ms)
		ReleaseScriptCaches (0ms)
		RebuildScriptCaches (0ms)
		SetupLoadedEditorAssemblies (475ms)
			LogAssemblyErrors (0ms)
			InitializePlatformSupportModulesInManaged (11ms)
			SetLoadedEditorAssemblies (3ms)
			BeforeProcessingInitializeOnLoad (94ms)
			ProcessInitializeOnLoadAttributes (311ms)
			ProcessInitializeOnLoadMethodAttributes (51ms)
			AfterProcessingInitializeOnLoad (4ms)
			EditorAssembliesLoaded (0ms)
		ExecutionOrderSort2 (0ms)
		AwakeInstancesAfterBackupRestoration (9ms)
Refreshing native plugins compatible for Editor in 6.30 ms, found 10 plugins.
Preloading 1 native plugins for Editor in 0.04 ms.
Unloading 17 Unused Serialized files (Serialized files now loaded: 0)
Unloading 7279 unused Assets / (5.5 MB). Loaded Objects now: 8012.
Memory consumption went from 151.6 MB to 146.1 MB.
Total: 13.084800 ms (FindLiveObjects: 1.065200 ms CreateObjectMapping: 1.132800 ms MarkObjects: 7.167500 ms  DeleteObjects: 3.718200 ms)

Prepare: number of updated asset objects reloaded= 0
========================================================================
Received Prepare
Refreshing native plugins compatible for Editor in 7.59 ms, found 10 plugins.
Preloading 1 native plugins for Editor in 0.04 ms.
Unloading 17 Unused Serialized files (Serialized files now loaded: 0)
Unloading 7249 unused Assets / (5.8 MB). Loaded Objects now: 8012.
Memory consumption went from 151.6 MB to 145.7 MB.
Total: 14.808600 ms (FindLiveObjects: 1.125000 ms CreateObjectMapping: 1.297600 ms MarkObjects: 7.910000 ms  DeleteObjects: 4.475100 ms)

Prepare: number of updated asset objects reloaded= 0
========================================================================
Received Prepare
Refreshing native plugins compatible for Editor in 7.22 ms, found 10 plugins.
Preloading 1 native plugins for Editor in 0.04 ms.
Unloading 17 Unused Serialized files (Serialized files now loaded: 0)
Unloading 7249 unused Assets / (5.0 MB). Loaded Objects now: 8012.
Memory consumption went from 151.6 MB to 146.6 MB.
Total: 13.873500 ms (FindLiveObjects: 1.102300 ms CreateObjectMapping: 1.321500 ms MarkObjects: 7.472600 ms  DeleteObjects: 3.976300 ms)

Prepare: number of updated asset objects reloaded= 0
========================================================================
Received Prepare
Refreshing native plugins compatible for Editor in 6.80 ms, found 10 plugins.
Preloading 1 native plugins for Editor in 0.04 ms.
Unloading 17 Unused Serialized files (Serialized files now loaded: 0)
Unloading 7249 unused Assets / (5.5 MB). Loaded Objects now: 8012.
Memory consumption went from 151.5 MB to 146.0 MB.
Total: 14.171400 ms (FindLiveObjects: 1.311900 ms CreateObjectMapping: 1.456700 ms MarkObjects: 7.484200 ms  DeleteObjects: 3.917700 ms)

Prepare: number of updated asset objects reloaded= 0
========================================================================
Received Prepare
Refreshing native plugins compatible for Editor in 7.02 ms, found 10 plugins.
Preloading 1 native plugins for Editor in 0.04 ms.
Unloading 17 Unused Serialized files (Serialized files now loaded: 0)
Unloading 7249 unused Assets / (5.3 MB). Loaded Objects now: 8012.
Memory consumption went from 151.6 MB to 146.3 MB.
Total: 14.852600 ms (FindLiveObjects: 1.127800 ms CreateObjectMapping: 1.284000 ms MarkObjects: 8.219800 ms  DeleteObjects: 4.219900 ms)

Prepare: number of updated asset objects reloaded= 0
========================================================================
Received Prepare
Refreshing native plugins compatible for Editor in 9.38 ms, found 10 plugins.
Preloading 1 native plugins for Editor in 0.04 ms.
Unloading 17 Unused Serialized files (Serialized files now loaded: 0)
Unloading 7249 unused Assets / (4.6 MB). Loaded Objects now: 8012.
Memory consumption went from 151.6 MB to 147.0 MB.
Total: 15.955700 ms (FindLiveObjects: 1.435100 ms CreateObjectMapping: 1.728100 ms MarkObjects: 8.495400 ms  DeleteObjects: 4.296200 ms)

Prepare: number of updated asset objects reloaded= 0
========================================================================
Received Prepare
Refreshing native plugins compatible for Editor in 7.08 ms, found 10 plugins.
Preloading 1 native plugins for Editor in 0.04 ms.
Unloading 17 Unused Serialized files (Serialized files now loaded: 0)
Unloading 7249 unused Assets / (5.5 MB). Loaded Objects now: 8012.
Memory consumption went from 151.6 MB to 146.1 MB.
Total: 13.519600 ms (FindLiveObjects: 1.086500 ms CreateObjectMapping: 1.305200 ms MarkObjects: 7.254100 ms  DeleteObjects: 3.872900 ms)

Prepare: number of updated asset objects reloaded= 0
========================================================================
Received Prepare
Refreshing native plugins compatible for Editor in 7.23 ms, found 10 plugins.
Preloading 1 native plugins for Editor in 0.04 ms.
Unloading 17 Unused Serialized files (Serialized files now loaded: 0)
Unloading 7249 unused Assets / (5.6 MB). Loaded Objects now: 8012.
Memory consumption went from 151.6 MB to 146.0 MB.
Total: 14.116700 ms (FindLiveObjects: 1.080200 ms CreateObjectMapping: 1.226900 ms MarkObjects: 7.544700 ms  DeleteObjects: 4.263900 ms)

Prepare: number of updated asset objects reloaded= 0
========================================================================
Received Prepare
Refreshing native plugins compatible for Editor in 8.81 ms, found 10 plugins.
Preloading 1 native plugins for Editor in 0.04 ms.
Unloading 17 Unused Serialized files (Serialized files now loaded: 0)
Unloading 7249 unused Assets / (5.2 MB). Loaded Objects now: 8012.
Memory consumption went from 151.6 MB to 146.4 MB.
Total: 14.752400 ms (FindLiveObjects: 1.180100 ms CreateObjectMapping: 1.404300 ms MarkObjects: 8.104000 ms  DeleteObjects: 4.063200 ms)

Prepare: number of updated asset objects reloaded= 0
========================================================================
Received Prepare
Refreshing native plugins compatible for Editor in 6.94 ms, found 10 plugins.
Preloading 1 native plugins for Editor in 0.04 ms.
Unloading 17 Unused Serialized files (Serialized files now loaded: 0)
Unloading 7249 unused Assets / (5.6 MB). Loaded Objects now: 8012.
Memory consumption went from 151.6 MB to 146.0 MB.
Total: 14.032000 ms (FindLiveObjects: 1.128300 ms CreateObjectMapping: 1.308600 ms MarkObjects: 7.815300 ms  DeleteObjects: 3.778900 ms)

Prepare: number of updated asset objects reloaded= 0
========================================================================
Received Prepare
Refreshing native plugins compatible for Editor in 6.92 ms, found 10 plugins.
Preloading 1 native plugins for Editor in 0.04 ms.
Unloading 17 Unused Serialized files (Serialized files now loaded: 0)
Unloading 7249 unused Assets / (5.6 MB). Loaded Objects now: 8012.
Memory consumption went from 151.6 MB to 146.0 MB.
Total: 15.642500 ms (FindLiveObjects: 1.980300 ms CreateObjectMapping: 1.582600 ms MarkObjects: 7.607300 ms  DeleteObjects: 4.471500 ms)

Prepare: number of updated asset objects reloaded= 0
========================================================================
Received Prepare
Refreshing native plugins compatible for Editor in 7.57 ms, found 10 plugins.
Preloading 1 native plugins for Editor in 0.04 ms.
Unloading 17 Unused Serialized files (Serialized files now loaded: 0)
Unloading 7249 unused Assets / (3.9 MB). Loaded Objects now: 8012.
Memory consumption went from 151.6 MB to 147.7 MB.
Total: 21.607600 ms (FindLiveObjects: 2.693900 ms CreateObjectMapping: 2.625700 ms MarkObjects: 8.545700 ms  DeleteObjects: 7.741400 ms)

Prepare: number of updated asset objects reloaded= 0
========================================================================
Received Prepare
Refreshing native plugins compatible for Editor in 7.49 ms, found 10 plugins.
Preloading 1 native plugins for Editor in 0.05 ms.
Unloading 17 Unused Serialized files (Serialized files now loaded: 0)
Unloading 7249 unused Assets / (5.5 MB). Loaded Objects now: 8012.
Memory consumption went from 151.6 MB to 146.2 MB.
Total: 14.139100 ms (FindLiveObjects: 1.165300 ms CreateObjectMapping: 1.351200 ms MarkObjects: 7.608700 ms  DeleteObjects: 4.013100 ms)

Prepare: number of updated asset objects reloaded= 0
========================================================================
Received Prepare
Begin MonoManager ReloadAssembly
- Loaded All Assemblies, in  0.713 seconds
Refreshing native plugins compatible for Editor in 5.81 ms, found 10 plugins.
Native extension for Android target not found
Native extension for WindowsStandalone target not found
Mono: successfully reloaded assembly
- Finished resetting the current domain, in  0.676 seconds
Domain Reload Profiling: 1389ms
	BeginReloadAssembly (209ms)
		ExecutionOrderSort (0ms)
		DisableScriptedObjects (14ms)
		BackupInstance (0ms)
		ReleaseScriptingObjects (0ms)
		CreateAndSetChildDomain (59ms)
	RebuildCommonClasses (31ms)
	RebuildNativeTypeToScriptingClass (10ms)
	initialDomainReloadingComplete (26ms)
	LoadAllAssembliesAndSetupDomain (437ms)
		LoadAssemblies (335ms)
		RebuildTransferFunctionScriptingTraits (0ms)
		AnalyzeDomain (192ms)
			TypeCache.Refresh (10ms)
				TypeCache.ScanAssembly (0ms)
			BuildScriptInfoCaches (168ms)
			ResolveRequiredComponents (10ms)
	FinalizeReload (676ms)
		ReleaseScriptCaches (0ms)
		RebuildScriptCaches (0ms)
		SetupLoadedEditorAssemblies (497ms)
			LogAssemblyErrors (0ms)
			InitializePlatformSupportModulesInManaged (11ms)
			SetLoadedEditorAssemblies (3ms)
			BeforeProcessingInitializeOnLoad (104ms)
			ProcessInitializeOnLoadAttributes (325ms)
			ProcessInitializeOnLoadMethodAttributes (50ms)
			AfterProcessingInitializeOnLoad (4ms)
			EditorAssembliesLoaded (0ms)
		ExecutionOrderSort2 (0ms)
		AwakeInstancesAfterBackupRestoration (11ms)
Refreshing native plugins compatible for Editor in 6.66 ms, found 10 plugins.
Preloading 1 native plugins for Editor in 0.04 ms.
Unloading 17 Unused Serialized files (Serialized files now loaded: 0)
Unloading 7279 unused Assets / (5.5 MB). Loaded Objects now: 8014.
Memory consumption went from 151.5 MB to 146.0 MB.
Total: 14.283700 ms (FindLiveObjects: 1.158500 ms CreateObjectMapping: 1.400900 ms MarkObjects: 7.747700 ms  DeleteObjects: 3.975700 ms)

Prepare: number of updated asset objects reloaded= 0
========================================================================
Received Prepare
Begin MonoManager ReloadAssembly
- Loaded All Assemblies, in  0.640 seconds
Refreshing native plugins compatible for Editor in 4.43 ms, found 10 plugins.
Native extension for Android target not found
Native extension for WindowsStandalone target not found
Mono: successfully reloaded assembly
- Finished resetting the current domain, in  0.711 seconds
Domain Reload Profiling: 1351ms
	BeginReloadAssembly (171ms)
		ExecutionOrderSort (0ms)
		DisableScriptedObjects (15ms)
		BackupInstance (0ms)
		ReleaseScriptingObjects (0ms)
		CreateAndSetChildDomain (39ms)
	RebuildCommonClasses (42ms)
	RebuildNativeTypeToScriptingClass (13ms)
	initialDomainReloadingComplete (26ms)
	LoadAllAssembliesAndSetupDomain (387ms)
		LoadAssemblies (289ms)
		RebuildTransferFunctionScriptingTraits (0ms)
		AnalyzeDomain (177ms)
			TypeCache.Refresh (6ms)
				TypeCache.ScanAssembly (0ms)
			BuildScriptInfoCaches (159ms)
			ResolveRequiredComponents (9ms)
	FinalizeReload (711ms)
		ReleaseScriptCaches (0ms)
		RebuildScriptCaches (0ms)
		SetupLoadedEditorAssemblies (526ms)
			LogAssemblyErrors (0ms)
			InitializePlatformSupportModulesInManaged (11ms)
			SetLoadedEditorAssemblies (4ms)
			BeforeProcessingInitializeOnLoad (101ms)
			ProcessInitializeOnLoadAttributes (347ms)
			ProcessInitializeOnLoadMethodAttributes (57ms)
			AfterProcessingInitializeOnLoad (6ms)
			EditorAssembliesLoaded (0ms)
		ExecutionOrderSort2 (0ms)
		AwakeInstancesAfterBackupRestoration (9ms)
Refreshing native plugins compatible for Editor in 8.22 ms, found 10 plugins.
Preloading 1 native plugins for Editor in 0.04 ms.
Unloading 17 Unused Serialized files (Serialized files now loaded: 0)
Unloading 7279 unused Assets / (5.2 MB). Loaded Objects now: 8016.
Memory consumption went from 151.6 MB to 146.4 MB.
Total: 16.521400 ms (FindLiveObjects: 1.127000 ms CreateObjectMapping: 1.407200 ms MarkObjects: 9.825200 ms  DeleteObjects: 4.161100 ms)

Prepare: number of updated asset objects reloaded= 0
========================================================================
Received Prepare
Begin MonoManager ReloadAssembly
- Loaded All Assemblies, in  0.645 seconds
Refreshing native plugins compatible for Editor in 4.27 ms, found 10 plugins.
Native extension for Android target not found
Native extension for WindowsStandalone target not found
Mono: successfully reloaded assembly
- Finished resetting the current domain, in  0.668 seconds
Domain Reload Profiling: 1313ms
	BeginReloadAssembly (187ms)
		ExecutionOrderSort (0ms)
		DisableScriptedObjects (12ms)
		BackupInstance (0ms)
		ReleaseScriptingObjects (0ms)
		CreateAndSetChildDomain (42ms)
	RebuildCommonClasses (31ms)
	RebuildNativeTypeToScriptingClass (10ms)
	initialDomainReloadingComplete (23ms)
	LoadAllAssembliesAndSetupDomain (393ms)
		LoadAssemblies (296ms)
		RebuildTransferFunctionScriptingTraits (0ms)
		AnalyzeDomain (187ms)
			TypeCache.Refresh (5ms)
				TypeCache.ScanAssembly (0ms)
			BuildScriptInfoCaches (169ms)
			ResolveRequiredComponents (10ms)
	FinalizeReload (668ms)
		ReleaseScriptCaches (0ms)
		RebuildScriptCaches (0ms)
		SetupLoadedEditorAssemblies (496ms)
			LogAssemblyErrors (0ms)
			InitializePlatformSupportModulesInManaged (10ms)
			SetLoadedEditorAssemblies (3ms)
			BeforeProcessingInitializeOnLoad (101ms)
			ProcessInitializeOnLoadAttributes (322ms)
			ProcessInitializeOnLoadMethodAttributes (54ms)
			AfterProcessingInitializeOnLoad (5ms)
			EditorAssembliesLoaded (0ms)
		ExecutionOrderSort2 (0ms)
		AwakeInstancesAfterBackupRestoration (10ms)
Refreshing native plugins compatible for Editor in 6.23 ms, found 10 plugins.
Preloading 1 native plugins for Editor in 0.04 ms.
Unloading 17 Unused Serialized files (Serialized files now loaded: 0)
Unloading 7279 unused Assets / (5.7 MB). Loaded Objects now: 8018.
Memory consumption went from 151.6 MB to 146.0 MB.
Total: 13.000700 ms (FindLiveObjects: 1.093600 ms CreateObjectMapping: 1.223600 ms MarkObjects: 6.463800 ms  DeleteObjects: 4.218800 ms)

Prepare: number of updated asset objects reloaded= 0
